<?xml version="1.0" encoding="UTF-8"?>
<!-- Generated by org.testng.reporters.JUnitXMLReporter -->
<testsuite hostname="hp" name="FabHotelsApp Test" tests="4" failures="0" timestamp="14 Sep 2017 21:42:36 GMT" time="316.701" errors="0">
  <testcase name="verifyContactNumber" time="2.995" classname="com.fabhotels.FabHotelsApp.tests.Test1"/>
  <testcase name="applyCouponScenarios" time="128.862" classname="com.fabhotels.FabHotelsApp.tests.Test1"/>
  <testcase name="locationAndHotelCounts" time="34.119" classname="com.fabhotels.FabHotelsApp.tests.Test1"/>
  <testcase name="checkDeepLink" time="2.507" classname="com.fabhotels.FabHotelsApp.tests.Test1"/>
</testsuite> <!-- FabHotelsApp Test -->
