<?xml version="1.0" encoding="UTF-8"?>
<testng-results skipped="0" failed="0" total="1" passed="1">
  <reporter-output>
  </reporter-output>
  <suite name="Default suite" duration-ms="70065" started-at="2017-09-14T21:29:17Z" finished-at="2017-09-14T21:30:28Z">
    <groups>
    </groups>
    <test name="Default test" duration-ms="70065" started-at="2017-09-14T21:29:17Z" finished-at="2017-09-14T21:30:28Z">
      <class name="com.fabhotels.FabHotelsApp.tests.Test1">
        <test-method status="PASS" signature="loadLoginPage()[pri:0, instance:com.fabhotels.FabHotelsApp.tests.Test1@369f73a2]" name="loadLoginPage" is-config="true" duration-ms="34784" started-at="2017-09-15T02:59:17Z" finished-at="2017-09-15T02:59:52Z">
          <reporter-output>
          </reporter-output>
        </test-method> <!-- loadLoginPage -->
        <test-method status="PASS" signature="locationAndHotelCounts()[pri:0, instance:com.fabhotels.FabHotelsApp.tests.Test1@369f73a2]" name="locationAndHotelCounts" duration-ms="32537" started-at="2017-09-15T02:59:52Z" finished-at="2017-09-15T03:00:25Z">
          <reporter-output>
          </reporter-output>
        </test-method> <!-- locationAndHotelCounts -->
        <test-method status="PASS" signature="tearDown()[pri:0, instance:com.fabhotels.FabHotelsApp.tests.Test1@369f73a2]" name="tearDown" is-config="true" duration-ms="2726" started-at="2017-09-15T03:00:25Z" finished-at="2017-09-15T03:00:28Z">
          <reporter-output>
          </reporter-output>
        </test-method> <!-- tearDown -->
      </class> <!-- com.fabhotels.FabHotelsApp.tests.Test1 -->
    </test> <!-- Default test -->
  </suite> <!-- Default suite -->
</testng-results>
